[Thu Apr 04 17:40:48.685334 2019] [wsgi:info] [pid 7717:tid 139679326292928] mod_wsgi (pid=7717): Attach interpreter ''.
[Thu Apr 04 17:40:48.696167 2019] [wsgi:info] [pid 7720:tid 139679326292928] mod_wsgi (pid=7720): Attach interpreter ''.
[Thu Apr 04 17:40:48.701492 2019] [wsgi:info] [pid 7715:tid 139679326292928] mod_wsgi (pid=7715): Attach interpreter ''.
[Thu Apr 04 17:40:48.703606 2019] [wsgi:info] [pid 7716:tid 139679326292928] mod_wsgi (pid=7716): Attach interpreter ''.
[Thu Apr 04 17:40:48.707768 2019] [wsgi:info] [pid 7719:tid 139679326292928] mod_wsgi (pid=7719): Attach interpreter ''.
[Thu Apr 04 17:45:22.659715 2019] [wsgi:info] [pid 7720:tid 139679326292928] mod_wsgi (pid=7720): Shutdown requested 'instamax'.
[Thu Apr 04 17:45:22.659814 2019] [wsgi:info] [pid 7720:tid 139679326292928] mod_wsgi (pid=7720): Stopping process 'instamax'.
[Thu Apr 04 17:45:22.659829 2019] [wsgi:info] [pid 7720:tid 139679326292928] mod_wsgi (pid=7720): Destroying interpreters.
[Thu Apr 04 17:45:22.659835 2019] [wsgi:info] [pid 7720:tid 139679326292928] mod_wsgi (pid=7720): Cleanup interpreter ''.
[Thu Apr 04 17:45:22.662203 2019] [wsgi:info] [pid 7719:tid 139679326292928] mod_wsgi (pid=7719): Shutdown requested 'instamax'.
[Thu Apr 04 17:45:22.662301 2019] [wsgi:info] [pid 7719:tid 139679326292928] mod_wsgi (pid=7719): Stopping process 'instamax'.
[Thu Apr 04 17:45:22.662315 2019] [wsgi:info] [pid 7719:tid 139679326292928] mod_wsgi (pid=7719): Destroying interpreters.
[Thu Apr 04 17:45:22.662322 2019] [wsgi:info] [pid 7719:tid 139679326292928] mod_wsgi (pid=7719): Cleanup interpreter ''.
[Thu Apr 04 17:45:22.665009 2019] [wsgi:info] [pid 7719:tid 139679326292928] mod_wsgi (pid=7719): Terminating Python.
[Thu Apr 04 17:45:22.666207 2019] [wsgi:info] [pid 7717:tid 139679326292928] mod_wsgi (pid=7717): Shutdown requested 'instamax'.
[Thu Apr 04 17:45:22.666305 2019] [wsgi:info] [pid 7717:tid 139679326292928] mod_wsgi (pid=7717): Stopping process 'instamax'.
[Thu Apr 04 17:45:22.666318 2019] [wsgi:info] [pid 7717:tid 139679326292928] mod_wsgi (pid=7717): Destroying interpreters.
[Thu Apr 04 17:45:22.666325 2019] [wsgi:info] [pid 7717:tid 139679326292928] mod_wsgi (pid=7717): Cleanup interpreter ''.
[Thu Apr 04 17:45:22.669062 2019] [wsgi:info] [pid 7717:tid 139679326292928] mod_wsgi (pid=7717): Terminating Python.
[Thu Apr 04 17:45:22.670190 2019] [wsgi:info] [pid 7716:tid 139679326292928] mod_wsgi (pid=7716): Shutdown requested 'instamax'.
[Thu Apr 04 17:45:22.670322 2019] [wsgi:info] [pid 7716:tid 139679326292928] mod_wsgi (pid=7716): Stopping process 'instamax'.
[Thu Apr 04 17:45:22.670340 2019] [wsgi:info] [pid 7716:tid 139679326292928] mod_wsgi (pid=7716): Destroying interpreters.
[Thu Apr 04 17:45:22.670348 2019] [wsgi:info] [pid 7716:tid 139679326292928] mod_wsgi (pid=7716): Cleanup interpreter ''.
[Thu Apr 04 17:45:22.673026 2019] [wsgi:info] [pid 7716:tid 139679326292928] mod_wsgi (pid=7716): Terminating Python.
[Thu Apr 04 17:45:22.674208 2019] [wsgi:info] [pid 7715:tid 139679326292928] mod_wsgi (pid=7715): Shutdown requested 'instamax'.
[Thu Apr 04 17:45:22.674312 2019] [wsgi:info] [pid 7715:tid 139679326292928] mod_wsgi (pid=7715): Stopping process 'instamax'.
[Thu Apr 04 17:45:22.674325 2019] [wsgi:info] [pid 7715:tid 139679326292928] mod_wsgi (pid=7715): Destroying interpreters.
[Thu Apr 04 17:45:22.674333 2019] [wsgi:info] [pid 7715:tid 139679326292928] mod_wsgi (pid=7715): Cleanup interpreter ''.
[Thu Apr 04 17:45:22.677316 2019] [wsgi:info] [pid 7715:tid 139679326292928] mod_wsgi (pid=7715): Terminating Python.
[Thu Apr 04 17:45:22.694490 2019] [wsgi:info] [pid 7720:tid 139679326292928] mod_wsgi (pid=7720): Terminating Python.
[Thu Apr 04 17:45:22.697202 2019] [wsgi:info] [pid 7720:tid 139679326292928] mod_wsgi (pid=7720): Python has shutdown.
[Thu Apr 04 17:45:22.697235 2019] [wsgi:info] [pid 7720:tid 139679326292928] mod_wsgi (pid=7720): Exiting process 'instamax'.
[Thu Apr 04 17:45:22.700043 2019] [wsgi:info] [pid 7717:tid 139679326292928] mod_wsgi (pid=7717): Python has shutdown.
[Thu Apr 04 17:45:22.700071 2019] [wsgi:info] [pid 7717:tid 139679326292928] mod_wsgi (pid=7717): Exiting process 'instamax'.
[Thu Apr 04 17:45:22.704169 2019] [wsgi:info] [pid 7716:tid 139679326292928] mod_wsgi (pid=7716): Python has shutdown.
[Thu Apr 04 17:45:22.704202 2019] [wsgi:info] [pid 7716:tid 139679326292928] mod_wsgi (pid=7716): Exiting process 'instamax'.
[Thu Apr 04 17:45:22.707215 2019] [wsgi:info] [pid 7719:tid 139679326292928] mod_wsgi (pid=7719): Python has shutdown.
[Thu Apr 04 17:45:22.707246 2019] [wsgi:info] [pid 7719:tid 139679326292928] mod_wsgi (pid=7719): Exiting process 'instamax'.
[Thu Apr 04 17:45:22.716880 2019] [wsgi:info] [pid 7715:tid 139679326292928] mod_wsgi (pid=7715): Python has shutdown.
[Thu Apr 04 17:45:22.716905 2019] [wsgi:info] [pid 7715:tid 139679326292928] mod_wsgi (pid=7715): Exiting process 'instamax'.
[Thu Apr 04 17:45:22.849525 2019] [wsgi:info] [pid 7845:tid 139679326292928] mod_wsgi (pid=7845): Attach interpreter ''.
[Thu Apr 04 17:45:22.852563 2019] [wsgi:info] [pid 7843:tid 139679326292928] mod_wsgi (pid=7843): Attach interpreter ''.
[Thu Apr 04 17:45:22.859106 2019] [wsgi:info] [pid 7847:tid 139679326292928] mod_wsgi (pid=7847): Attach interpreter ''.
[Thu Apr 04 17:45:22.861051 2019] [wsgi:info] [pid 7846:tid 139679326292928] mod_wsgi (pid=7846): Attach interpreter ''.
[Thu Apr 04 17:45:22.862718 2019] [wsgi:info] [pid 7844:tid 139679326292928] mod_wsgi (pid=7844): Attach interpreter ''.
[Thu Apr 04 17:54:32.247638 2019] [wsgi:info] [pid 7847:tid 139679326292928] mod_wsgi (pid=7847): Shutdown requested 'instamax'.
[Thu Apr 04 17:54:32.247728 2019] [wsgi:info] [pid 7847:tid 139679326292928] mod_wsgi (pid=7847): Stopping process 'instamax'.
[Thu Apr 04 17:54:32.247739 2019] [wsgi:info] [pid 7847:tid 139679326292928] mod_wsgi (pid=7847): Destroying interpreters.
[Thu Apr 04 17:54:32.247745 2019] [wsgi:info] [pid 7847:tid 139679326292928] mod_wsgi (pid=7847): Cleanup interpreter ''.
[Thu Apr 04 17:54:32.249896 2019] [wsgi:info] [pid 7847:tid 139679326292928] mod_wsgi (pid=7847): Terminating Python.
[Thu Apr 04 17:54:32.250180 2019] [wsgi:info] [pid 7846:tid 139679326292928] mod_wsgi (pid=7846): Shutdown requested 'instamax'.
[Thu Apr 04 17:54:32.250267 2019] [wsgi:info] [pid 7846:tid 139679326292928] mod_wsgi (pid=7846): Stopping process 'instamax'.
[Thu Apr 04 17:54:32.250280 2019] [wsgi:info] [pid 7846:tid 139679326292928] mod_wsgi (pid=7846): Destroying interpreters.
[Thu Apr 04 17:54:32.250287 2019] [wsgi:info] [pid 7846:tid 139679326292928] mod_wsgi (pid=7846): Cleanup interpreter ''.
[Thu Apr 04 17:54:32.252434 2019] [wsgi:info] [pid 7846:tid 139679326292928] mod_wsgi (pid=7846): Terminating Python.
[Thu Apr 04 17:54:32.254181 2019] [wsgi:info] [pid 7845:tid 139679326292928] mod_wsgi (pid=7845): Shutdown requested 'instamax'.
[Thu Apr 04 17:54:32.254262 2019] [wsgi:info] [pid 7845:tid 139679326292928] mod_wsgi (pid=7845): Stopping process 'instamax'.
[Thu Apr 04 17:54:32.254274 2019] [wsgi:info] [pid 7845:tid 139679326292928] mod_wsgi (pid=7845): Destroying interpreters.
[Thu Apr 04 17:54:32.254281 2019] [wsgi:info] [pid 7845:tid 139679326292928] mod_wsgi (pid=7845): Cleanup interpreter ''.
[Thu Apr 04 17:54:32.256180 2019] [wsgi:info] [pid 7845:tid 139679326292928] mod_wsgi (pid=7845): Terminating Python.
[Thu Apr 04 17:54:32.257972 2019] [wsgi:info] [pid 7845:tid 139679326292928] mod_wsgi (pid=7845): Python has shutdown.
[Thu Apr 04 17:54:32.257992 2019] [wsgi:info] [pid 7845:tid 139679326292928] mod_wsgi (pid=7845): Exiting process 'instamax'.
[Thu Apr 04 17:54:32.258168 2019] [wsgi:info] [pid 7844:tid 139679326292928] mod_wsgi (pid=7844): Shutdown requested 'instamax'.
[Thu Apr 04 17:54:32.258244 2019] [wsgi:info] [pid 7844:tid 139679326292928] mod_wsgi (pid=7844): Stopping process 'instamax'.
[Thu Apr 04 17:54:32.258258 2019] [wsgi:info] [pid 7844:tid 139679326292928] mod_wsgi (pid=7844): Destroying interpreters.
[Thu Apr 04 17:54:32.258266 2019] [wsgi:info] [pid 7844:tid 139679326292928] mod_wsgi (pid=7844): Cleanup interpreter ''.
[Thu Apr 04 17:54:32.260273 2019] [wsgi:info] [pid 7844:tid 139679326292928] mod_wsgi (pid=7844): Terminating Python.
[Thu Apr 04 17:54:32.262188 2019] [wsgi:info] [pid 7843:tid 139679326292928] mod_wsgi (pid=7843): Shutdown requested 'instamax'.
[Thu Apr 04 17:54:32.262291 2019] [wsgi:info] [pid 7843:tid 139679326292928] mod_wsgi (pid=7843): Stopping process 'instamax'.
[Thu Apr 04 17:54:32.262304 2019] [wsgi:info] [pid 7843:tid 139679326292928] mod_wsgi (pid=7843): Destroying interpreters.
[Thu Apr 04 17:54:32.262311 2019] [wsgi:info] [pid 7843:tid 139679326292928] mod_wsgi (pid=7843): Cleanup interpreter ''.
[Thu Apr 04 17:54:32.264209 2019] [wsgi:info] [pid 7843:tid 139679326292928] mod_wsgi (pid=7843): Terminating Python.
[Thu Apr 04 17:54:32.265983 2019] [wsgi:info] [pid 7843:tid 139679326292928] mod_wsgi (pid=7843): Python has shutdown.
[Thu Apr 04 17:54:32.266001 2019] [wsgi:info] [pid 7843:tid 139679326292928] mod_wsgi (pid=7843): Exiting process 'instamax'.
[Thu Apr 04 17:54:32.275987 2019] [wsgi:info] [pid 7847:tid 139679326292928] mod_wsgi (pid=7847): Python has shutdown.
[Thu Apr 04 17:54:32.276018 2019] [wsgi:info] [pid 7847:tid 139679326292928] mod_wsgi (pid=7847): Exiting process 'instamax'.
[Thu Apr 04 17:54:32.280291 2019] [wsgi:info] [pid 7846:tid 139679326292928] mod_wsgi (pid=7846): Python has shutdown.
[Thu Apr 04 17:54:32.280321 2019] [wsgi:info] [pid 7846:tid 139679326292928] mod_wsgi (pid=7846): Exiting process 'instamax'.
[Thu Apr 04 17:54:32.281124 2019] [wsgi:info] [pid 7844:tid 139679326292928] mod_wsgi (pid=7844): Python has shutdown.
[Thu Apr 04 17:54:32.281140 2019] [wsgi:info] [pid 7844:tid 139679326292928] mod_wsgi (pid=7844): Exiting process 'instamax'.
